2023-10-20 12:22:15 - Neovide panicked with the message 'Could not create surface'. (File: src\renderer\rendered_window.rs; Line: 87, Column: 6)
   0: <unknown>
   1: <unknown>
   2: <unknown>
   3: <unknown>
   4: <unknown>
   5: <unknown>
   6: <unknown>
   7: <unknown>
   8: <unknown>
   9: <unknown>
  10: <unknown>
  11: <unknown>
  12: <unknown>
  13: <unknown>
  14: <unknown>
  15: <unknown>
  16: DispatchMessageW
  17: DispatchMessageW
  18: GetClassLongW
  19: KiUserCallbackDispatcher
  20: NtUserDispatchMessage
  21: DispatchMessageW
  22: <unknown>
  23: <unknown>
  24: <unknown>
  25: <unknown>
  26: <unknown>
  27: <unknown>
  28: <unknown>
  29: BaseThreadInitThunk
  30: RtlUserThreadStart

